========================================
  Harmonic Beacon Spatializer
  Source: file
  OSC: 127.0.0.1:57120
  HTTPS tunnel: no  (--no-https)
========================================
Dir: /home/nicolas/Projects/beacon-spatial

[1/3] scsynth via pw-jack (port 57110, 2in/2out)...
[INFO] pw-jack scsynth -u 57110 -i 2 -o 2
      -> PID 817431 (log: /tmp/scsynth.log)
[OK] scsynth outputs connected to Built-in Audio + R24
[OK] R24 CH1 connected to SuperCollider input 1
[2/3] sclang + beacon.scd (mode: file, OSC: 127.0.0.1:57120)...
      -> PID 817584 (log: /tmp/sclang.log)
[3/3] Flask web UI...
      -> PID 817765 (log: /tmp/webui.log)

========================================
  READY
========================================
  Web UI : http://localhost:5050
  OSC    : 127.0.0.1:57120 (sclang)
  Server : 127.0.0.1:57110 (scsynth)
  Logs   : /tmp/{scsynth,sclang,webui,cloudflared}.log
========================================
Press Ctrl-C to stop everything cleanly.


[INFO] Shutdown signal. Stopping children...
[OK] All processes stopped.
